This is pdfTeX, Version 3.14159265-2.6-1.40.20 (MiKTeX 2.9.7250 64-bit) (preloaded format=pdflatex 2019.12.21)  28 JUN 2020 21:47
entering extended mode
**./journal_de_bord.tex
(journal_de_bord.tex
LaTeX2e <2019-10-01> patch level 3
(C:\Users\geeka\Desktop\LATEX\Latex_instalation\tex/latex/base\article.cls
Document Class: article 2019/10/25 v1.4k Standard LaTeX document class
(C:\Users\geeka\Desktop\LATEX\Latex_instalation\tex/latex/base\fleqn.clo
File: fleqn.clo 2016/12/29 v1.2b Standard LaTeX option (flush left equations)
\mathindent=\dimen102
Applying: [2015/01/01] Make \[ robust on input line 50.
LaTeX Info: Redefining \[ on input line 51.
Already applied: [0000/00/00] Make \[ robust on input line 62.
Applying: [2015/01/01] Make \] robust on input line 74.
LaTeX Info: Redefining \] on input line 75.
Already applied: [0000/00/00] Make \] robust on input line 83.
)
(C:\Users\geeka\Desktop\LATEX\Latex_instalation\tex/latex/base\size10.clo
File: size10.clo 2019/10/25 v1.4k Standard LaTeX file (size option)
)
\c@part=\count80
\c@section=\count81
\c@subsection=\count82
\c@subsubsection=\count83
\c@paragraph=\count84
\c@subparagraph=\count85
\c@figure=\count86
\c@table=\count87
\abovecaptionskip=\skip41
\belowcaptionskip=\skip42
\bibindent=\dimen103
)
(C:\Users\geeka\Desktop\LATEX\Latex_instalation\tex/latex/base\inputenc.sty
Package: inputenc 2018/08/11 v1.3c Input encoding file
\inpenc@prehook=\toks14
\inpenc@posthook=\toks15
)
(C:\Users\geeka\Desktop\LATEX\Latex_instalation\tex/latex/geometry\geometry.sty
Package: geometry 2018/04/16 v5.8 Page Geometry
(C:\Users\geeka\Desktop\LATEX\Latex_instalation\tex/latex/graphics\keyval.sty
Package: keyval 2014/10/28 v1.15 key=value parser (DPC)
\KV@toks@=\toks16
)
(C:\Users\geeka\Desktop\LATEX\Latex_instalation\tex/generic/iftex\ifpdf.sty
Package: ifpdf 2019/10/25 v3.4 ifpdf legacy package. Use iftex instead.

(C:\Users\geeka\Desktop\LATEX\Latex_instalation\tex/generic/iftex\iftex.sty
Package: iftex 2019/11/07 v1.0c TeX engine tests
))
(C:\Users\geeka\Desktop\LATEX\Latex_instalation\tex/generic/iftex\ifvtex.sty
Package: ifvtex 2019/10/25 v1.7 ifvtex legacy package. Use iftex instead.
)
(C:\Users\geeka\Desktop\LATEX\Latex_instalation\tex/generic/iftex\ifxetex.sty
Package: ifxetex 2019/10/25 v0.7 ifxetex legacy package. Use iftex instead.
)
\Gm@cnth=\count88
\Gm@cntv=\count89
\c@Gm@tempcnt=\count90
\Gm@bindingoffset=\dimen104
\Gm@wd@mp=\dimen105
\Gm@odd@mp=\dimen106
\Gm@even@mp=\dimen107
\Gm@layoutwidth=\dimen108
\Gm@layoutheight=\dimen109
\Gm@layouthoffset=\dimen110
\Gm@layoutvoffset=\dimen111
\Gm@dimlist=\toks17

(C:\Users\geeka\Desktop\LATEX\Latex_instalation\tex/latex/geometry\geometry.cfg
))
(C:\Users\geeka\Desktop\LATEX\Latex_instalation\tex/latex/amsfonts\amssymb.sty
Package: amssymb 2013/01/14 v3.01 AMS font symbols

(C:\Users\geeka\Desktop\LATEX\Latex_instalation\tex/latex/amsfonts\amsfonts.sty
Package: amsfonts 2013/01/14 v3.01 Basic AMSFonts support
\@emptytoks=\toks18
\symAMSa=\mathgroup4
\symAMSb=\mathgroup5
LaTeX Font Info:    Redeclaring math symbol \hbar on input line 98.
LaTeX Font Info:    Overwriting math alphabet `\mathfrak' in version `bold'
(Font)                  U/euf/m/n --> U/euf/b/n on input line 106.
))
(C:\Users\geeka\Desktop\LATEX\Latex_instalation\tex/latex/jknappen\mathrsfs.sty
Package: mathrsfs 1996/01/01 Math RSFS package v1.0 (jk)
\symrsfs=\mathgroup6
) (C:\Users\geeka\Desktop\LATEX\Latex_instalation\tex/latex/ntgclass\a4.sty
Package: a4 2004/04/15 v1.2g A4 based page layout
)
(C:\Users\geeka\Desktop\LATEX\Latex_instalation\tex/latex/amsmath\amsmath.sty
Package: amsmath 2019/11/16 v2.17d AMS math features
\@mathmargin=\skip43

For additional information on amsmath, use the `?' option.
(C:\Users\geeka\Desktop\LATEX\Latex_instalation\tex/latex/amsmath\amstext.sty
Package: amstext 2000/06/29 v2.01 AMS text

(C:\Users\geeka\Desktop\LATEX\Latex_instalation\tex/latex/amsmath\amsgen.sty
File: amsgen.sty 1999/11/30 v2.0 generic functions
\@emptytoks=\toks19
\ex@=\dimen112
))
(C:\Users\geeka\Desktop\LATEX\Latex_instalation\tex/latex/amsmath\amsbsy.sty
Package: amsbsy 1999/11/29 v1.2d Bold Symbols
\pmbraise@=\dimen113
)
(C:\Users\geeka\Desktop\LATEX\Latex_instalation\tex/latex/amsmath\amsopn.sty
Package: amsopn 2016/03/08 v2.02 operator names
)
\inf@bad=\count91
LaTeX Info: Redefining \frac on input line 227.
\uproot@=\count92
\leftroot@=\count93
LaTeX Info: Redefining \overline on input line 389.
\classnum@=\count94
\DOTSCASE@=\count95
LaTeX Info: Redefining \ldots on input line 486.
LaTeX Info: Redefining \dots on input line 489.
LaTeX Info: Redefining \cdots on input line 610.
\Mathstrutbox@=\box27
\strutbox@=\box28
\big@size=\dimen114
LaTeX Font Info:    Redeclaring font encoding OML on input line 733.
LaTeX Font Info:    Redeclaring font encoding OMS on input line 734.
\macc@depth=\count96
\c@MaxMatrixCols=\count97
\dotsspace@=\muskip10
\c@parentequation=\count98
\dspbrk@lvl=\count99
\tag@help=\toks20
\row@=\count100
\column@=\count101
\maxfields@=\count102
\andhelp@=\toks21
\eqnshift@=\dimen115
\alignsep@=\dimen116
\tagshift@=\dimen117
\tagwidth@=\dimen118
\totwidth@=\dimen119
\lineht@=\dimen120
\@envbody=\toks22
\multlinegap=\skip44
\multlinetaggap=\skip45
\mathdisplay@stack=\toks23
LaTeX Info: Redefining \[ on input line 2858.
LaTeX Info: Redefining \] on input line 2859.
)
(C:\Users\geeka\Desktop\LATEX\Latex_instalation\tex/latex/psnfss\mathptmx.sty
Package: mathptmx 2005/04/12 PSNFSS-v9.2a Times w/ Math, improved (SPQR, WaS) 
LaTeX Font Info:    Redeclaring symbol font `operators' on input line 28.
LaTeX Font Info:    Overwriting symbol font `operators' in version `normal'
(Font)                  OT1/cmr/m/n --> OT1/ztmcm/m/n on input line 28.
LaTeX Font Info:    Overwriting symbol font `operators' in version `bold'
(Font)                  OT1/cmr/bx/n --> OT1/ztmcm/m/n on input line 28.
LaTeX Font Info:    Redeclaring symbol font `letters' on input line 29.
LaTeX Font Info:    Overwriting symbol font `letters' in version `normal'
(Font)                  OML/cmm/m/it --> OML/ztmcm/m/it on input line 29.
LaTeX Font Info:    Overwriting symbol font `letters' in version `bold'
(Font)                  OML/cmm/b/it --> OML/ztmcm/m/it on input line 29.
LaTeX Font Info:    Redeclaring symbol font `symbols' on input line 30.
LaTeX Font Info:    Overwriting symbol font `symbols' in version `normal'
(Font)                  OMS/cmsy/m/n --> OMS/ztmcm/m/n on input line 30.
LaTeX Font Info:    Overwriting symbol font `symbols' in version `bold'
(Font)                  OMS/cmsy/b/n --> OMS/ztmcm/m/n on input line 30.
LaTeX Font Info:    Redeclaring symbol font `largesymbols' on input line 31.
LaTeX Font Info:    Overwriting symbol font `largesymbols' in version `normal'
(Font)                  OMX/cmex/m/n --> OMX/ztmcm/m/n on input line 31.
LaTeX Font Info:    Overwriting symbol font `largesymbols' in version `bold'
(Font)                  OMX/cmex/m/n --> OMX/ztmcm/m/n on input line 31.
\symbold=\mathgroup7
\symitalic=\mathgroup8
LaTeX Font Info:    Redeclaring math alphabet \mathbf on input line 34.
LaTeX Font Info:    Overwriting math alphabet `\mathbf' in version `normal'
(Font)                  OT1/cmr/bx/n --> OT1/ptm/bx/n on input line 34.
LaTeX Font Info:    Overwriting math alphabet `\mathbf' in version `bold'
(Font)                  OT1/cmr/bx/n --> OT1/ptm/bx/n on input line 34.
LaTeX Font Info:    Redeclaring math alphabet \mathit on input line 35.
LaTeX Font Info:    Overwriting math alphabet `\mathit' in version `normal'
(Font)                  OT1/cmr/m/it --> OT1/ptm/m/it on input line 35.
LaTeX Font Info:    Overwriting math alphabet `\mathit' in version `bold'
(Font)                  OT1/cmr/bx/it --> OT1/ptm/m/it on input line 35.
LaTeX Info: Redefining \hbar on input line 50.
)
(C:\Users\geeka\Desktop\LATEX\Latex_instalation\tex/latex/graphics\graphicx.sty
Package: graphicx 2017/06/01 v1.1a Enhanced LaTeX Graphics (DPC,SPQR)

(C:\Users\geeka\Desktop\LATEX\Latex_instalation\tex/latex/graphics\graphics.sty
Package: graphics 2019/11/01 v1.3d Standard LaTeX Graphics (DPC,SPQR)
(C:\Users\geeka\Desktop\LATEX\Latex_instalation\tex/latex/graphics\trig.sty
Package: trig 2016/01/03 v1.10 sin cos tan (DPC)
)
(C:\Users\geeka\Desktop\LATEX\Latex_instalation\tex/latex/graphics-cfg\graphics
.cfg
File: graphics.cfg 2016/06/04 v1.11 sample graphics configuration
)
Package graphics Info: Driver file: pdftex.def on input line 105.

(C:\Users\geeka\Desktop\LATEX\Latex_instalation\tex/latex/graphics-def\pdftex.d
ef
File: pdftex.def 2018/01/08 v1.0l Graphics/color driver for pdftex
))
\Gin@req@height=\dimen121
\Gin@req@width=\dimen122
)
(C:\Users\geeka\Desktop\LATEX\Latex_instalation\tex/latex/tabto-ltx\tabto.sty
Package: tabto 2018/12/28  v 1.4  Another tabbing mechanism
\CurrentLineWidth=\dimen123
\TabPrevPos=\dimen124
)
(C:\Users\geeka\Desktop\LATEX\Latex_instalation\tex/latex/natbib\natbib.sty
Package: natbib 2010/09/13 8.31b (PWD, AO)
\bibhang=\skip46
\bibsep=\skip47
LaTeX Info: Redefining \cite on input line 694.
\c@NAT@ctr=\count103
)
(C:\Users\geeka\Desktop\LATEX\Latex_instalation\tex/generic/babel\babel.sty
Package: babel 2019/12/08 3.37 The Babel package

(C:\Users\geeka\Desktop\LATEX\Latex_instalation\tex/generic/babel\switch.def
File: switch.def 2019/12/08 3.37 Babel switching mechanism
)
*************************************
* Local config file bblopts.cfg used
*
(C:\Users\geeka\Desktop\LATEX\Latex_instalation\tex/latex/arabi\bblopts.cfg
File: bblopts.cfg 2005/09/08 v0.1 add Arabic and Farsi to "declared" options of
 babel
)
Package babel Info: You haven't specified a language. I'll use 'nil'
(babel)             as the main language. Reported on input line 581.

(C:\Users\geeka\Desktop\LATEX\Latex_instalation\tex/generic/babel\nil.ldf
Language: nil 2019/12/08 3.37 Nil language

(C:\Users\geeka\Desktop\LATEX\Latex_instalation\tex/generic/babel\babel.def
File: babel.def 2019/12/08 3.37 Babel common definitions
\babel@savecnt=\count104
\U@D=\dimen125

(C:\Users\geeka\Desktop\LATEX\Latex_instalation\tex/generic/babel\txtbabel.def)
\bbl@dirlevel=\count105
)
\l@nil=\language82
))
(C:\Users\geeka\Desktop\LATEX\Latex_instalation\tex/latex/hyperref\hyperref.sty
Package: hyperref 2019/11/10 v7.00c Hypertext links for LaTeX

(C:\Users\geeka\Desktop\LATEX\Latex_instalation\tex/generic/oberdiek\ltxcmds.st
y
Package: ltxcmds 2016/05/16 v1.23 LaTeX kernel commands for general use (HO)
)
(C:\Users\geeka\Desktop\LATEX\Latex_instalation\tex/latex/pdftexcmds\pdftexcmds
.sty
Package: pdftexcmds 2019/11/24 v0.31 Utility functions of pdfTeX for LuaTeX (HO
)

(C:\Users\geeka\Desktop\LATEX\Latex_instalation\tex/generic/infwarerr\infwarerr
.sty
Package: infwarerr 2019/12/03 v1.5 Providing info/warning/error messages (HO)
)
Package pdftexcmds Info: \pdf@primitive is available.
Package pdftexcmds Info: \pdf@ifprimitive is available.
Package pdftexcmds Info: \pdfdraftmode found.
)
(C:\Users\geeka\Desktop\LATEX\Latex_instalation\tex/generic/oberdiek\kvsetkeys.
sty
Package: kvsetkeys 2016/05/16 v1.17 Key value parser (HO)

(C:\Users\geeka\Desktop\LATEX\Latex_instalation\tex/generic/oberdiek\etexcmds.s
ty
Package: etexcmds 2016/05/16 v1.6 Avoid name clashes with e-TeX commands (HO)

(C:\Users\geeka\Desktop\LATEX\Latex_instalation\tex/generic/iftex\ifluatex.sty
Package: ifluatex 2019/10/25 v1.5 ifluatex legacy package. Use iftex instead.
)))
(C:\Users\geeka\Desktop\LATEX\Latex_instalation\tex/generic/oberdiek\kvdefineke
ys.sty
Package: kvdefinekeys 2016/05/16 v1.4 Define keys (HO)
)
(C:\Users\geeka\Desktop\LATEX\Latex_instalation\tex/generic/pdfescape\pdfescape
.sty
Package: pdfescape 2019/12/09 v1.15 Implements pdfTeX's escape features (HO)
)
(C:\Users\geeka\Desktop\LATEX\Latex_instalation\tex/latex/oberdiek\hycolor.sty
Package: hycolor 2016/05/16 v1.8 Color options for hyperref/bookmark (HO)

(C:\Users\geeka\Desktop\LATEX\Latex_instalation\tex/latex/oberdiek\xcolor-patch
.sty
Package: xcolor-patch 2016/05/16 xcolor patch

(C:\Users\geeka\Desktop\LATEX\Latex_instalation\tex/latex/oberdiek\hopatch.sty
Package: hopatch 2016/05/16 v1.3 Wrapper for package hooks (HO)
)))
(C:\Users\geeka\Desktop\LATEX\Latex_instalation\tex/latex/letltxmacro\letltxmac
ro.sty
Package: letltxmacro 2019/12/03 v1.6 Let assignment for LaTeX macros (HO)
)
(C:\Users\geeka\Desktop\LATEX\Latex_instalation\tex/latex/oberdiek\auxhook.sty
Package: auxhook 2016/05/16 v1.4 Hooks for auxiliary files (HO)
)
(C:\Users\geeka\Desktop\LATEX\Latex_instalation\tex/latex/kvoptions\kvoptions.s
ty
Package: kvoptions 2019/11/29 v3.13 Key value format for package options (HO)
)
\@linkdim=\dimen126
\Hy@linkcounter=\count106
\Hy@pagecounter=\count107

(C:\Users\geeka\Desktop\LATEX\Latex_instalation\tex/latex/hyperref\pd1enc.def
File: pd1enc.def 2019/11/10 v7.00c Hyperref: PDFDocEncoding definition (HO)
Now handling font encoding PD1 ...
... no UTF-8 mapping file for font encoding PD1
)
(C:\Users\geeka\Desktop\LATEX\Latex_instalation\tex/generic/oberdiek\intcalc.st
y
Package: intcalc 2016/05/16 v1.2 Expandable calculations with integers (HO)
)
\Hy@SavedSpaceFactor=\count108

(C:\Users\geeka\Desktop\LATEX\Latex_instalation\tex/latex/00miktex\hyperref.cfg
File: hyperref.cfg 2002/06/06 v1.2 hyperref configuration of TeXLive
)
Package hyperref Info: Hyper figures OFF on input line 4535.
Package hyperref Info: Link nesting OFF on input line 4540.
Package hyperref Info: Hyper index ON on input line 4543.
Package hyperref Info: Plain pages OFF on input line 4550.
Package hyperref Info: Backreferencing OFF on input line 4555.
Package hyperref Info: Implicit mode ON; LaTeX internals redefined.
Package hyperref Info: Bookmarks ON on input line 4788.
\c@Hy@tempcnt=\count109
 (C:\Users\geeka\Desktop\LATEX\Latex_instalation\tex/latex/url\url.sty
\Urlmuskip=\muskip11
Package: url 2013/09/16  ver 3.4  Verb mode for urls, etc.
)
LaTeX Info: Redefining \url on input line 5147.
\XeTeXLinkMargin=\dimen127

(C:\Users\geeka\Desktop\LATEX\Latex_instalation\tex/generic/bitset\bitset.sty
Package: bitset 2019/12/09 v1.3 Handle bit-vector datatype (HO)

(C:\Users\geeka\Desktop\LATEX\Latex_instalation\tex/generic/oberdiek\bigintcalc
.sty
Package: bigintcalc 2016/05/16 v1.4 Expandable calculations on big integers (HO
)
))
\Fld@menulength=\count110
\Field@Width=\dimen128
\Fld@charsize=\dimen129
Package hyperref Info: Hyper figures OFF on input line 6418.
Package hyperref Info: Link nesting OFF on input line 6423.
Package hyperref Info: Hyper index ON on input line 6426.
Package hyperref Info: backreferencing OFF on input line 6433.
Package hyperref Info: Link coloring OFF on input line 6438.
Package hyperref Info: Link coloring with OCG OFF on input line 6443.
Package hyperref Info: PDF/A mode OFF on input line 6448.
LaTeX Info: Redefining \ref on input line 6488.
LaTeX Info: Redefining \pageref on input line 6492.

(C:\Users\geeka\Desktop\LATEX\Latex_instalation\tex/generic/atbegshi\atbegshi.s
ty
Package: atbegshi 2019/12/05 v1.19 At begin shipout hook (HO)
)
\Hy@abspage=\count111
\c@Item=\count112
\c@Hfootnote=\count113
)
Package hyperref Info: Driver (autodetected): hpdftex.

(C:\Users\geeka\Desktop\LATEX\Latex_instalation\tex/latex/hyperref\hpdftex.def
File: hpdftex.def 2019/11/10 v7.00c Hyperref driver for pdfTeX

(C:\Users\geeka\Desktop\LATEX\Latex_instalation\tex/latex/atveryend\atveryend.s
ty
Package: atveryend 2019-12-11 v1.11 Hooks at the very end of document (HO)
Package atveryend Info: \enddocument detected (standard20110627).
)
\Fld@listcount=\count114
\c@bookmark@seq@number=\count115

(C:\Users\geeka\Desktop\LATEX\Latex_instalation\tex/latex/rerunfilecheck\rerunf
ilecheck.sty
Package: rerunfilecheck 2019/12/05 v1.9 Rerun checks for auxiliary files (HO)

(C:\Users\geeka\Desktop\LATEX\Latex_instalation\tex/generic/oberdiek\uniquecoun
ter.sty
Package: uniquecounter 2016/05/16 v1.3 Provide unlimited unique counter (HO)
)
Package uniquecounter Info: New unique counter `rerunfilecheck' on input line 2
86.
)
\Hy@SectionHShift=\skip48
)
\c@exercice=\count116
\c@question=\count117
 (journal_de_bord.aux)
\openout1 = `journal_de_bord.aux'.

LaTeX Font Info:    Checking defaults for OML/cmm/m/it on input line 43.
LaTeX Font Info:    ... okay on input line 43.
LaTeX Font Info:    Checking defaults for T1/cmr/m/n on input line 43.
LaTeX Font Info:    ... okay on input line 43.
LaTeX Font Info:    Checking defaults for OT1/cmr/m/n on input line 43.
LaTeX Font Info:    ... okay on input line 43.
LaTeX Font Info:    Checking defaults for OMS/cmsy/m/n on input line 43.
LaTeX Font Info:    ... okay on input line 43.
LaTeX Font Info:    Checking defaults for OMX/cmex/m/n on input line 43.
LaTeX Font Info:    ... okay on input line 43.
LaTeX Font Info:    Checking defaults for U/cmr/m/n on input line 43.
LaTeX Font Info:    ... okay on input line 43.
LaTeX Font Info:    Checking defaults for PD1/pdf/m/n on input line 43.
LaTeX Font Info:    ... okay on input line 43.
LaTeX Font Info:    Trying to load font information for OT1+ptm on input line 4
3.

(C:\Users\geeka\Desktop\LATEX\Latex_instalation\tex/latex/psnfss\ot1ptm.fd
File: ot1ptm.fd 2001/06/04 font definitions for OT1/ptm.
)
*geometry* driver: auto-detecting
*geometry* detected driver: pdftex
*geometry* verbose mode - [ preamble ] result:
* driver: pdftex
* paper: <default>
* layout: <same size as paper>
* layoutoffset:(h,v)=(0.0pt,0.0pt)
* modes: 
* h-part:(L,W,R)=(71.13188pt, 472.03123pt, 71.13188pt)
* v-part:(T,H,B)=(42.67912pt, 709.61174pt, 42.67912pt)
* \paperwidth=614.295pt
* \paperheight=794.96999pt
* \textwidth=472.03123pt
* \textheight=709.61174pt
* \oddsidemargin=-1.1381pt
* \evensidemargin=-1.1381pt
* \topmargin=-66.59087pt
* \headheight=12.0pt
* \headsep=25.0pt
* \topskip=10.0pt
* \footskip=30.0pt
* \marginparwidth=72.26999pt
* \marginparsep=11.0pt
* \columnsep=10.0pt
* \skip\footins=9.0pt plus 4.0pt minus 2.0pt
* \hoffset=0.0pt
* \voffset=0.0pt
* \mag=1000
* \@twocolumnfalse
* \@twosidefalse
* \@mparswitchfalse
* \@reversemarginfalse
* (1in=72.27pt=25.4mm, 1cm=28.453pt)


(C:\Users\geeka\Desktop\LATEX\Latex_instalation\tex/context/base/mkii\supp-pdf.
mkii
[Loading MPS to PDF converter (version 2006.09.02).]
\scratchcounter=\count118
\scratchdimen=\dimen130
\scratchbox=\box29
\nofMPsegments=\count119
\nofMParguments=\count120
\everyMPshowfont=\toks24
\MPscratchCnt=\count121
\MPscratchDim=\dimen131
\MPnumerator=\count122
\makeMPintoPDFobject=\count123
\everyMPtoPDFconversion=\toks25
)
(C:\Users\geeka\Desktop\LATEX\Latex_instalation\tex/latex/epstopdf-pkg\epstopdf
-base.sty
Package: epstopdf-base 2020-01-24 v2.11 Base part for package epstopdf
Package epstopdf-base Info: Redefining graphics rule for `.eps' on input line 4
85.
)
\AtBeginShipoutBox=\box30
Package hyperref Info: Link coloring OFF on input line 43.

(C:\Users\geeka\Desktop\LATEX\Latex_instalation\tex/latex/hyperref\nameref.sty
Package: nameref 2019/09/16 v2.46 Cross-referencing by name of section

(C:\Users\geeka\Desktop\LATEX\Latex_instalation\tex/latex/oberdiek\refcount.sty
Package: refcount 2016/05/16 v3.5 Data extraction from label references (HO)
)
(C:\Users\geeka\Desktop\LATEX\Latex_instalation\tex/generic/oberdiek\gettitlest
ring.sty
Package: gettitlestring 2016/05/16 v1.5 Cleanup title references (HO)
)
\c@section@level=\count124
)
LaTeX Info: Redefining \ref on input line 43.
LaTeX Info: Redefining \pageref on input line 43.
LaTeX Info: Redefining \nameref on input line 43.
 (journal_de_bord.out) (journal_de_bord.out)
\@outlinefile=\write3
\openout3 = `journal_de_bord.out'.

LaTeX Font Info:    Trying to load font information for OT1+ztmcm on input line
 47.

(C:\Users\geeka\Desktop\LATEX\Latex_instalation\tex/latex/psnfss\ot1ztmcm.fd
File: ot1ztmcm.fd 2000/01/03 Fontinst v1.801 font definitions for OT1/ztmcm.
)
LaTeX Font Info:    Trying to load font information for OML+ztmcm on input line
 47.

(C:\Users\geeka\Desktop\LATEX\Latex_instalation\tex/latex/psnfss\omlztmcm.fd
File: omlztmcm.fd 2000/01/03 Fontinst v1.801 font definitions for OML/ztmcm.
)
LaTeX Font Info:    Trying to load font information for OMS+ztmcm on input line
 47.

(C:\Users\geeka\Desktop\LATEX\Latex_instalation\tex/latex/psnfss\omsztmcm.fd
File: omsztmcm.fd 2000/01/03 Fontinst v1.801 font definitions for OMS/ztmcm.
)
LaTeX Font Info:    Trying to load font information for OMX+ztmcm on input line
 47.

(C:\Users\geeka\Desktop\LATEX\Latex_instalation\tex/latex/psnfss\omxztmcm.fd
File: omxztmcm.fd 2000/01/03 Fontinst v1.801 font definitions for OMX/ztmcm.
)
LaTeX Font Info:    Trying to load font information for U+rsfs on input line 47
.

(C:\Users\geeka\Desktop\LATEX\Latex_instalation\tex/latex/jknappen\ursfs.fd
File: ursfs.fd 1998/03/24 rsfs font definition file (jk)
)
LaTeX Font Info:    Font shape `OT1/ptm/bx/n' in size <12> not available
(Font)              Font shape `OT1/ptm/b/n' tried instead on input line 47.
LaTeX Font Info:    Font shape `OT1/ptm/bx/n' in size <9> not available
(Font)              Font shape `OT1/ptm/b/n' tried instead on input line 47.
LaTeX Font Info:    Font shape `OT1/ptm/bx/n' in size <7> not available
(Font)              Font shape `OT1/ptm/b/n' tried instead on input line 47.
LaTeX Font Info:    Font shape `OT1/ptm/bx/n' in size <14.4> not available
(Font)              Font shape `OT1/ptm/b/n' tried instead on input line 48.
LaTeX Font Info:    Font shape `OT1/ptm/bx/n' in size <10> not available
(Font)              Font shape `OT1/ptm/b/n' tried instead on input line 50.
LaTeX Font Info:    Font shape `OT1/ptm/bx/n' in size <7.4> not available
(Font)              Font shape `OT1/ptm/b/n' tried instead on input line 50.
LaTeX Font Info:    Font shape `OT1/ptm/bx/n' in size <6> not available
(Font)              Font shape `OT1/ptm/b/n' tried instead on input line 50.

Underfull \hbox (badness 10000) in paragraph at lines 56--57

 []

LaTeX Font Info:    Trying to load font information for OMS+ptm on input line 8
2.
(C:\Users\geeka\Desktop\LATEX\Latex_instalation\tex/latex/psnfss\omsptm.fd
File: omsptm.fd 
)
LaTeX Font Info:    Font shape `OMS/ptm/m/n' in size <10> not available
(Font)              Font shape `OMS/cmsy/m/n' tried instead on input line 82.

Underfull \hbox (badness 10000) in paragraph at lines 86--88

 []

[1

{C:/Users/geeka/AppData/Local/MiKTeX/2.9/pdftex/config/pdftex.map}]
(journal_de_bord.bbl)
Package atveryend Info: Empty hook `BeforeClearDocument' on input line 135.
 [2]
Package atveryend Info: Empty hook `AfterLastShipout' on input line 135.
 (journal_de_bord.aux)
Package atveryend Info: Executing hook `AtVeryEndDocument' on input line 135.
Package atveryend Info: Executing hook `AtEndAfterFileList' on input line 135.


Package rerunfilecheck Warning: File `journal_de_bord.out' has changed.
(rerunfilecheck)                Rerun to get outlines right
(rerunfilecheck)                or use package `bookmark'.

Package rerunfilecheck Info: Checksums for `journal_de_bord.out':
(rerunfilecheck)             Before: 84BE3131E12DFA514ABB86D477A47BEC;211
(rerunfilecheck)             After:  59E5B84E94CF3F4E3241BF8023807161;282.
Package atveryend Info: Empty hook `AtVeryVeryEnd' on input line 135.
 ) 
Here is how much of TeX's memory you used:
 7875 strings out of 492449
 116431 string characters out of 3120952
 221686 words of memory out of 3000000
 12030 multiletter control sequences out of 15000+200000
 40429 words of font info for 95 fonts, out of 3000000 for 9000
 1141 hyphenation exceptions out of 8191
 39i,16n,31p,632b,428s stack positions out of 5000i,500n,10000p,200000b,50000s
{C:/Users/geeka/Desktop/LATEX/Latex_instalation/fonts/enc/dvips/base/8r.enc}<
C:/Users/geeka/Desktop/LATEX/Latex_instalation/fonts/type1/public/amsfonts/cm/c
mmi10.pfb><C:/Users/geeka/Desktop/LATEX/Latex_instalation/fonts/type1/public/am
sfonts/cm/cmr10.pfb><C:/Users/geeka/Desktop/LATEX/Latex_instalation/fonts/type1
/public/amsfonts/cm/cmsy10.pfb><C:/Users/geeka/Desktop/LATEX/Latex_instalation/
fonts/type1/urw/symbol/usyr.pfb><C:/Users/geeka/Desktop/LATEX/Latex_instalation
/fonts/type1/urw/symbol/usyr.pfb><C:/Users/geeka/Desktop/LATEX/Latex_instalatio
n/fonts/type1/urw/times/utmb8a.pfb><C:/Users/geeka/Desktop/LATEX/Latex_instalat
ion/fonts/type1/urw/times/utmr8a.pfb><C:/Users/geeka/Desktop/LATEX/Latex_instal
ation/fonts/type1/urw/times/utmri8a.pfb>
Output written on journal_de_bord.pdf (2 pages, 89167 bytes).
PDF statistics:
 79 PDF objects out of 1000 (max. 8388607)
 17 named destinations out of 1000 (max. 500000)
 33 words of extra memory for PDF output out of 10000 (max. 10000000)

